C51 COMPILER V9.60.0.0   DELAY                                                             10/02/2021 23:52:47 PAGE 1   


C51 COMPILER V9.60.0.0, COMPILATION OF MODULE DELAY
OBJECT MODULE PLACED IN .\Objects\delay.obj
COMPILER INVOKED BY: C:\Keil_v5\C51\BIN\C51.EXE delay.c OPTIMIZE(8,SPEED) BROWSE DEBUG OBJECTEXTEND PRINT(.\Listings\del
                    -ay.lst) TABS(2) OBJECT(.\Objects\delay.obj)

line level    source

   1          #include <intrins.h>
   2          #include "delay.h"
   3          void delayms(int ms) //@11.0592MHz
   4          {
   5   1          unsigned char i, j;
   6   1          while(ms--)
   7   1          {
   8   2              _nop_();
   9   2              i = 2;
  10   2              j = 199;
  11   2              do
  12   2              {
  13   3                  while (--j);
  14   3              }
  15   2              while (--i);
  16   2          }
  17   1      }
  18          
  19          void delay700us() //@11.0592MHz
  20          {
  21   1          unsigned char i, j;
  22   1          _nop_();
  23   1          i = 2;
  24   1          j = 61;
  25   1          do
  26   1          {
  27   2              while (--j);
  28   2          } while (--i);
  29   1      }


MODULE INFORMATION:   STATIC OVERLAYABLE
   CODE SIZE        =     32    ----
   CONSTANT SIZE    =   ----    ----
   XDATA SIZE       =   ----    ----
   PDATA SIZE       =   ----    ----
   DATA SIZE        =   ----    ----
   IDATA SIZE       =   ----    ----
   BIT SIZE         =   ----    ----
END OF MODULE INFORMATION.


C51 COMPILATION COMPLETE.  0 WARNING(S),  0 ERROR(S)
