C51 COMPILER V9.60.0.0   LED                                                               10/02/2021 23:52:47 PAGE 1   


C51 COMPILER V9.60.0.0, COMPILATION OF MODULE LED
OBJECT MODULE PLACED IN .\Objects\led.obj
COMPILER INVOKED BY: C:\Keil_v5\C51\BIN\C51.EXE led.c OPTIMIZE(8,SPEED) BROWSE DEBUG OBJECTEXTEND PRINT(.\Listings\led.l
                    -st) TABS(2) OBJECT(.\Objects\led.obj)

line level    source

   1          #include <reg52.h> //C:\Keil_v5\C51\Inc\reg52.h
   2          //#include "regx51.h"
   3          #include "delay.h"
   4          #include <intrins.h>
   5          #include <stdio.h>
   6          
   7          sbit LED = P0^0;
   8           
   9          #if 0
              void Delay(void);
              
              void Delay(void)
              {
                int i, j;
                for(i=0;i<10;i++)
                {
                  for(j=0;j<10000;j++)
                  {
                  }
                }
              }
              #endif
  23          
  24          void main(){
  25   1        
  26   1        while(1)
  27   1        {
  28   2          LED = 0;
  29   2          //Delay();
  30   2          delayms(1000);
  31   2          LED = 1;
  32   2          delayms(100);
  33   2          LED = 0;
  34   2          delayms(100);
  35   2          LED = 1;
  36   2          delayms(1000);    
  37   2          LED = 0;
  38   2          //Delay();
  39   2          delayms(1000);
  40   2          LED = 1;
  41   2          delayms(1000);  
  42   2        }
  43   1      }


MODULE INFORMATION:   STATIC OVERLAYABLE
   CODE SIZE        =     56    ----
   CONSTANT SIZE    =   ----    ----
   XDATA SIZE       =   ----    ----
   PDATA SIZE       =   ----    ----
   DATA SIZE        =   ----    ----
   IDATA SIZE       =   ----    ----
   BIT SIZE         =   ----    ----
END OF MODULE INFORMATION.

C51 COMPILER V9.60.0.0   LED                                                               10/02/2021 23:52:47 PAGE 2   


C51 COMPILATION COMPLETE.  0 WARNING(S),  0 ERROR(S)
