C51 COMPILER V9.60.0.0   UART                                                              09/05/2021 20:49:32 PAGE 1   


C51 COMPILER V9.60.0.0, COMPILATION OF MODULE UART
OBJECT MODULE PLACED IN .\Objects\uart.obj
COMPILER INVOKED BY: C:\Keil_v5\C51\BIN\C51.EXE uart.c OPTIMIZE(8,SPEED) BROWSE DEBUG OBJECTEXTEND PRINT(.\Listings\uart
                    -.lst) TABS(2) OBJECT(.\Objects\uart.obj)

line level    source

   1          #include <reg52.h>
   2          #include "uart.h"
   3          void init_uart()
   4          {
   5   1          //定时器1 溢出决定波特率
   6   1          EA  = 1;      //总中断开x`
   7   1          TMOD |= 1<<5; //定时器1 自动重装模式
   8   1          TH1 = 0xfd;   //当TL1中溢出时 TH1 的值自动重装进去
   9   1          TL1 = 0xfd;   //省去一个中断处理函数
  10   1          TR1 = 1;      //开始计数
  11   1        
  12   1          //Set SCON ; 10-bit UART, 8-bit Data, variable baud rate
  13   1          SM0 = 0;
  14   1          SM1 = 1;
  15   1          REN = 1;
  16   1          // above baud rate is 9600
  17   1      }
  18          
  19          void send_str(unsigned char *str)
  20          {
  21   1          while(*str)
  22   1          {
  23   2              SBUF = *str;
  24   2              while(! TI);
  25   2              TI = 0;
  26   2              str++;
  27   2          }
  28   1      }
  29          
  30          void send_hex(unsigned char hex)
  31          {
  32   1          SBUF = hex;
  33   1          while(! TI);
  34   1          TI = 0;
  35   1      }
  36          
  37          void send_code(IR_CODE ir_code)
  38          {
  39   1          unsigned char c;
  40   1          unsigned char *p;
  41   1          int i,j;
  42   1          p = (unsigned char *)&ir_code;
  43   1          send_str("custom:0x");
  44   1          for(i=0; i<4; i++)
  45   1          {
  46   2              if(2 == i)
  47   2              {
  48   3                  send_str(" code:0x");
  49   3              }
  50   2              for(j=1; j>=0; j--)
  51   2              {
  52   3                  c = (*p>>(4*(j))) & 0xf;
  53   3                  if(0<=c && c<=9)
  54   3                  {
C51 COMPILER V9.60.0.0   UART                                                              09/05/2021 20:49:32 PAGE 2   

  55   4                      send_hex('0' + c);
  56   4                  }
  57   3                  else
  58   3                  {
  59   4                      send_hex('A' + c - 0xa);
  60   4                  }
  61   3              }
  62   2              p++;
  63   2          }
  64   1          send_str("\r\n");
  65   1      }


MODULE INFORMATION:   STATIC OVERLAYABLE
   CODE SIZE        =    205    ----
   CONSTANT SIZE    =     22    ----
   XDATA SIZE       =   ----    ----
   PDATA SIZE       =   ----    ----
   DATA SIZE        =   ----       9
   IDATA SIZE       =   ----    ----
   BIT SIZE         =   ----    ----
END OF MODULE INFORMATION.


C51 COMPILATION COMPLETE.  0 WARNING(S),  0 ERROR(S)
